2016-12-12 21:45:43 DEBUG Engine:34 - run() Free Thread Size: 2
2016-12-12 21:45:43 DEBUG Engine:35 - run() Busy Thread Size: 0
2016-12-12 21:45:43 DEBUG Engine:50 - run() Max thread number reached. No more free threads.
2016-12-12 21:45:48 DEBUG Engine:34 - run() Free Thread Size: 0
2016-12-12 21:45:48 DEBUG Engine:35 - run() Busy Thread Size: 5
2016-12-12 21:45:48 DEBUG Engine:50 - run() Max thread number reached. No more free threads.
2016-12-12 21:45:51 DEBUG Engine:141 - onServiceEnd Before freeing thread Free:0 busy:5
2016-12-12 21:45:51 DEBUG Engine:141 - onServiceEnd Before freeing thread Free:0 busy:5
2016-12-12 21:45:51 DEBUG Engine:141 - onServiceEnd Before freeing thread Free:0 busy:5
2016-12-12 21:45:51 DEBUG Engine:141 - onServiceEnd Before freeing thread Free:0 busy:5
2016-12-12 21:45:51 DEBUG Engine:141 - onServiceEnd Before freeing thread Free:0 busy:5
2016-12-12 21:45:51 DEBUG Engine:144 - onServiceEnd After freeing thread Free:4 busy:1
2016-12-12 21:45:51 DEBUG Engine:144 - onServiceEnd After freeing thread Free:3 busy:2
2016-12-12 21:45:51 DEBUG Engine:144 - onServiceEnd After freeing thread Free:2 busy:3
2016-12-12 21:45:51 DEBUG Engine:144 - onServiceEnd After freeing thread Free:1 busy:4
2016-12-12 21:45:51 DEBUG Engine:144 - onServiceEnd After freeing thread Free:5 busy:0
2016-12-12 21:45:53 DEBUG Engine:34 - run() Free Thread Size: 5
2016-12-12 21:45:53 DEBUG Engine:35 - run() Busy Thread Size: 0
2016-12-12 21:45:53 DEBUG Engine:50 - run() Max thread number reached. No more free threads.
2016-12-12 21:45:58 DEBUG Engine:34 - run() Free Thread Size: 0
2016-12-12 21:45:58 DEBUG Engine:35 - run() Busy Thread Size: 5
2016-12-12 21:45:58 DEBUG Engine:50 - run() Max thread number reached. No more free threads.
2016-12-12 21:46:01 DEBUG Engine:141 - onServiceEnd Before freeing thread Free:0 busy:5
2016-12-12 21:46:01 DEBUG Engine:141 - onServiceEnd Before freeing thread Free:0 busy:5
2016-12-12 21:46:01 DEBUG Engine:141 - onServiceEnd Before freeing thread Free:0 busy:5
2016-12-12 21:46:01 DEBUG Engine:141 - onServiceEnd Before freeing thread Free:0 busy:5
2016-12-12 21:46:01 DEBUG Engine:141 - onServiceEnd Before freeing thread Free:0 busy:5
2016-12-12 21:46:01 DEBUG Engine:144 - onServiceEnd After freeing thread Free:4 busy:1
2016-12-12 21:46:01 DEBUG Engine:144 - onServiceEnd After freeing thread Free:3 busy:2
2016-12-12 21:46:01 DEBUG Engine:144 - onServiceEnd After freeing thread Free:2 busy:3
2016-12-12 21:46:01 DEBUG Engine:144 - onServiceEnd After freeing thread Free:1 busy:4
2016-12-12 21:46:01 DEBUG Engine:144 - onServiceEnd After freeing thread Free:5 busy:0
2016-12-12 21:46:03 DEBUG Engine:34 - run() Free Thread Size: 5
2016-12-12 21:46:03 DEBUG Engine:35 - run() Busy Thread Size: 0
2016-12-12 21:46:03 DEBUG Engine:50 - run() Max thread number reached. No more free threads.
2016-12-12 21:46:08 DEBUG Engine:34 - run() Free Thread Size: 0
2016-12-12 21:46:08 DEBUG Engine:35 - run() Busy Thread Size: 5
2016-12-12 21:46:08 DEBUG Engine:50 - run() Max thread number reached. No more free threads.
2016-12-12 21:46:11 DEBUG Engine:141 - onServiceEnd Before freeing thread Free:0 busy:5
2016-12-12 21:46:11 DEBUG Engine:141 - onServiceEnd Before freeing thread Free:0 busy:5
2016-12-12 21:46:11 DEBUG Engine:141 - onServiceEnd Before freeing thread Free:0 busy:5
2016-12-12 21:46:11 DEBUG Engine:141 - onServiceEnd Before freeing thread Free:0 busy:5
2016-12-12 21:46:11 DEBUG Engine:141 - onServiceEnd Before freeing thread Free:0 busy:5
2016-12-12 21:46:11 DEBUG Engine:144 - onServiceEnd After freeing thread Free:4 busy:1
2016-12-12 21:46:11 DEBUG Engine:144 - onServiceEnd After freeing thread Free:3 busy:2
2016-12-12 21:46:11 DEBUG Engine:144 - onServiceEnd After freeing thread Free:2 busy:3
2016-12-12 21:46:11 DEBUG Engine:144 - onServiceEnd After freeing thread Free:1 busy:4
2016-12-12 21:46:11 DEBUG Engine:144 - onServiceEnd After freeing thread Free:5 busy:0
2016-12-12 21:46:13 DEBUG Engine:34 - run() Free Thread Size: 5
2016-12-12 21:46:13 DEBUG Engine:35 - run() Busy Thread Size: 0
2016-12-12 21:46:13 DEBUG Engine:50 - run() Max thread number reached. No more free threads.
2016-12-12 21:46:18 DEBUG Engine:34 - run() Free Thread Size: 0
2016-12-12 21:46:18 DEBUG Engine:35 - run() Busy Thread Size: 5
2016-12-12 21:46:18 DEBUG Engine:50 - run() Max thread number reached. No more free threads.
2016-12-12 21:46:21 DEBUG Engine:141 - onServiceEnd Before freeing thread Free:0 busy:5
2016-12-12 21:46:21 DEBUG Engine:144 - onServiceEnd After freeing thread Free:1 busy:4
2016-12-12 21:46:21 DEBUG Engine:141 - onServiceEnd Before freeing thread Free:0 busy:5
2016-12-12 21:46:21 DEBUG Engine:141 - onServiceEnd Before freeing thread Free:0 busy:5
2016-12-12 21:46:21 DEBUG Engine:144 - onServiceEnd After freeing thread Free:2 busy:3
2016-12-12 21:46:21 DEBUG Engine:141 - onServiceEnd Before freeing thread Free:1 busy:4
2016-12-12 21:46:21 DEBUG Engine:141 - onServiceEnd Before freeing thread Free:0 busy:5
2016-12-12 21:46:21 DEBUG Engine:144 - onServiceEnd After freeing thread Free:4 busy:1
2016-12-12 21:46:21 DEBUG Engine:144 - onServiceEnd After freeing thread Free:3 busy:2
2016-12-12 21:46:21 DEBUG Engine:144 - onServiceEnd After freeing thread Free:5 busy:0
2016-12-12 21:46:23 DEBUG Engine:34 - run() Free Thread Size: 5
2016-12-12 21:46:23 DEBUG Engine:35 - run() Busy Thread Size: 0
2016-12-12 21:46:23 DEBUG Engine:50 - run() Max thread number reached. No more free threads.
2016-12-12 21:46:28 DEBUG Engine:34 - run() Free Thread Size: 0
2016-12-12 21:46:28 DEBUG Engine:35 - run() Busy Thread Size: 5
2016-12-12 21:46:28 DEBUG Engine:50 - run() Max thread number reached. No more free threads.
