2016-12-13 23:16:31 INFO  Engine:85 - #####TASKRUNNER STARTING WITH CONFIGURATION#####
2016-12-13 23:16:31 INFO  Engine:86 - Configuration [intervalInMillis=5000, minThreadCount=50, maxThreadCount=100, threadIncrementSize=2]
2016-12-13 23:16:31 INFO  Engine:87 - ################################################
2016-12-13 23:16:31 DEBUG Engine:40 - run() Free Thread Size: 50
2016-12-13 23:16:31 DEBUG Engine:41 - run() Busy Thread Size: 0
2016-12-13 23:16:36 DEBUG Engine:40 - run() Free Thread Size: 3
2016-12-13 23:16:36 DEBUG Engine:41 - run() Busy Thread Size: 47
2016-12-13 23:16:36 DEBUG Engine:56 - run() Max thread number reached. No more free threads.
2016-12-13 23:16:41 DEBUG Engine:40 - run() Free Thread Size: 47
2016-12-13 23:16:41 DEBUG Engine:41 - run() Busy Thread Size: 53
2016-12-13 23:16:46 DEBUG Engine:40 - run() Free Thread Size: 99
2016-12-13 23:16:46 DEBUG Engine:41 - run() Busy Thread Size: 1
2016-12-13 23:16:51 DEBUG Engine:40 - run() Free Thread Size: 100
2016-12-13 23:16:51 DEBUG Engine:41 - run() Busy Thread Size: 0
2016-12-13 23:16:56 DEBUG Engine:40 - run() Free Thread Size: 100
2016-12-13 23:16:56 DEBUG Engine:41 - run() Busy Thread Size: 0
2016-12-13 23:17:01 DEBUG Engine:40 - run() Free Thread Size: 100
2016-12-13 23:17:01 DEBUG Engine:41 - run() Busy Thread Size: 0
2016-12-13 23:17:06 DEBUG Engine:40 - run() Free Thread Size: 100
2016-12-13 23:17:06 DEBUG Engine:41 - run() Busy Thread Size: 0
2016-12-13 23:17:11 DEBUG Engine:40 - run() Free Thread Size: 100
2016-12-13 23:17:11 DEBUG Engine:41 - run() Busy Thread Size: 0
2016-12-13 23:17:16 DEBUG Engine:40 - run() Free Thread Size: 100
2016-12-13 23:17:16 DEBUG Engine:41 - run() Busy Thread Size: 0
2016-12-13 23:17:21 DEBUG Engine:40 - run() Free Thread Size: 100
2016-12-13 23:17:21 DEBUG Engine:41 - run() Busy Thread Size: 0
2016-12-13 23:17:26 DEBUG Engine:40 - run() Free Thread Size: 100
2016-12-13 23:17:26 DEBUG Engine:41 - run() Busy Thread Size: 0
2016-12-13 23:17:31 DEBUG Engine:40 - run() Free Thread Size: 100
2016-12-13 23:17:31 DEBUG Engine:41 - run() Busy Thread Size: 0
2016-12-13 23:17:36 DEBUG Engine:40 - run() Free Thread Size: 100
2016-12-13 23:17:36 DEBUG Engine:41 - run() Busy Thread Size: 0
2016-12-13 23:17:41 DEBUG Engine:40 - run() Free Thread Size: 100
2016-12-13 23:17:41 DEBUG Engine:41 - run() Busy Thread Size: 0
2016-12-13 23:17:46 DEBUG Engine:40 - run() Free Thread Size: 100
2016-12-13 23:17:46 DEBUG Engine:41 - run() Busy Thread Size: 0
2016-12-13 23:17:51 DEBUG Engine:40 - run() Free Thread Size: 100
2016-12-13 23:17:51 DEBUG Engine:41 - run() Busy Thread Size: 0
2016-12-13 23:17:56 DEBUG Engine:40 - run() Free Thread Size: 100
2016-12-13 23:17:56 DEBUG Engine:41 - run() Busy Thread Size: 0
2016-12-13 23:18:01 DEBUG Engine:40 - run() Free Thread Size: 100
2016-12-13 23:18:01 DEBUG Engine:41 - run() Busy Thread Size: 0
2016-12-13 23:18:06 DEBUG Engine:40 - run() Free Thread Size: 100
2016-12-13 23:18:06 DEBUG Engine:41 - run() Busy Thread Size: 0
2016-12-13 23:18:11 DEBUG Engine:40 - run() Free Thread Size: 100
2016-12-13 23:18:11 DEBUG Engine:41 - run() Busy Thread Size: 0
2016-12-13 23:18:16 DEBUG Engine:40 - run() Free Thread Size: 100
2016-12-13 23:18:16 DEBUG Engine:41 - run() Busy Thread Size: 0
2016-12-13 23:18:21 DEBUG Engine:40 - run() Free Thread Size: 100
2016-12-13 23:18:21 DEBUG Engine:41 - run() Busy Thread Size: 0
2016-12-13 23:18:26 DEBUG Engine:40 - run() Free Thread Size: 100
2016-12-13 23:18:26 DEBUG Engine:41 - run() Busy Thread Size: 0
2016-12-13 23:18:31 DEBUG Engine:40 - run() Free Thread Size: 100
2016-12-13 23:18:31 DEBUG Engine:41 - run() Busy Thread Size: 0
2016-12-13 23:18:36 DEBUG Engine:40 - run() Free Thread Size: 100
2016-12-13 23:18:36 DEBUG Engine:41 - run() Busy Thread Size: 0
2016-12-13 23:18:41 DEBUG Engine:40 - run() Free Thread Size: 100
2016-12-13 23:18:41 DEBUG Engine:41 - run() Busy Thread Size: 0
2016-12-13 23:18:46 DEBUG Engine:40 - run() Free Thread Size: 100
2016-12-13 23:18:46 DEBUG Engine:41 - run() Busy Thread Size: 0
2016-12-13 23:18:51 DEBUG Engine:40 - run() Free Thread Size: 100
2016-12-13 23:18:51 DEBUG Engine:41 - run() Busy Thread Size: 0
2016-12-13 23:18:56 DEBUG Engine:40 - run() Free Thread Size: 100
2016-12-13 23:18:56 DEBUG Engine:41 - run() Busy Thread Size: 0
2016-12-13 23:19:01 DEBUG Engine:40 - run() Free Thread Size: 100
2016-12-13 23:19:01 DEBUG Engine:41 - run() Busy Thread Size: 0
2016-12-13 23:19:06 DEBUG Engine:40 - run() Free Thread Size: 100
2016-12-13 23:19:06 DEBUG Engine:41 - run() Busy Thread Size: 0
2016-12-13 23:19:11 DEBUG Engine:40 - run() Free Thread Size: 100
2016-12-13 23:19:11 DEBUG Engine:41 - run() Busy Thread Size: 0
2016-12-13 23:19:49 INFO  Engine:84 - ###############TASKRUNNER STARTING WITH CONFIGURATION###############
2016-12-13 23:19:49 INFO  Engine:85 - Configuration [intervalInMillis=5000, minThreadCount=50, maxThreadCount=100, threadIncrementSize=2]
2016-12-13 23:19:49 INFO  Engine:86 - ####################################################################
2016-12-13 23:19:49 DEBUG Engine:39 - run() Free Thread Size: 50
2016-12-13 23:19:49 DEBUG Engine:40 - run() Busy Thread Size: 0
2016-12-13 23:19:49 DEBUG Engine:55 - run() Max thread number reached. No more free threads.
2016-12-13 23:19:54 DEBUG Engine:39 - run() Free Thread Size: 0
2016-12-13 23:19:54 DEBUG Engine:40 - run() Busy Thread Size: 100
2016-12-13 23:19:54 DEBUG Engine:55 - run() Max thread number reached. No more free threads.
2016-12-13 23:20:11 INFO  Engine:84 - ###############TASKRUNNER STARTING WITH CONFIGURATION##############################
2016-12-13 23:20:11 INFO  Engine:85 - Configuration [intervalInMillis=5000, minThreadCount=50, maxThreadCount=100, threadIncrementSize=2]
2016-12-13 23:20:11 INFO  Engine:86 - ###################################################################################
2016-12-13 23:20:11 DEBUG Engine:39 - run() Free Thread Size: 50
2016-12-13 23:20:11 DEBUG Engine:40 - run() Busy Thread Size: 0
2016-12-13 23:20:11 DEBUG Engine:55 - run() Max thread number reached. No more free threads.
2016-12-13 23:20:16 DEBUG Engine:39 - run() Free Thread Size: 0
2016-12-13 23:20:16 DEBUG Engine:40 - run() Busy Thread Size: 100
2016-12-13 23:20:16 DEBUG Engine:55 - run() Max thread number reached. No more free threads.
2016-12-13 23:20:30 INFO  Engine:84 - ###############TASKRUNNER STARTING WITH CONFIGURATION#############################################
2016-12-13 23:20:30 INFO  Engine:85 - Configuration [intervalInMillis=5000, minThreadCount=50, maxThreadCount=100, threadIncrementSize=2]
2016-12-13 23:20:30 INFO  Engine:86 - ##################################################################################################
2016-12-13 23:20:30 DEBUG Engine:39 - run() Free Thread Size: 50
2016-12-13 23:20:30 DEBUG Engine:40 - run() Busy Thread Size: 0
2016-12-13 23:20:30 DEBUG Engine:55 - run() Max thread number reached. No more free threads.
2016-12-13 23:20:35 DEBUG Engine:39 - run() Free Thread Size: 0
2016-12-13 23:20:35 DEBUG Engine:40 - run() Busy Thread Size: 100
2016-12-13 23:20:35 DEBUG Engine:55 - run() Max thread number reached. No more free threads.
2016-12-13 23:21:12 INFO  Engine:84 - ##############################TASKRUNNER STARTING WITH CONFIGURATION###################################
2016-12-13 23:21:12 INFO  Engine:85 - Configuration [intervalInMillis=5000, minThreadCount=50, maxThreadCount=100, threadIncrementSize=2]
2016-12-13 23:21:12 INFO  Engine:86 - #######################################################################################################
2016-12-13 23:21:12 DEBUG Engine:39 - run() Free Thread Size: 50
2016-12-13 23:21:12 DEBUG Engine:40 - run() Busy Thread Size: 0
2016-12-13 23:21:12 DEBUG Engine:55 - run() Max thread number reached. No more free threads.
2016-12-13 23:21:17 DEBUG Engine:39 - run() Free Thread Size: 0
2016-12-13 23:21:17 DEBUG Engine:40 - run() Busy Thread Size: 100
2016-12-13 23:21:17 DEBUG Engine:55 - run() Max thread number reached. No more free threads.
2016-12-13 23:21:22 DEBUG Engine:39 - run() Free Thread Size: 100
2016-12-13 23:21:22 DEBUG Engine:40 - run() Busy Thread Size: 0
2016-12-13 23:21:27 DEBUG Engine:39 - run() Free Thread Size: 99
2016-12-13 23:21:27 DEBUG Engine:40 - run() Busy Thread Size: 1
2016-12-13 23:21:32 DEBUG Engine:39 - run() Free Thread Size: 100
2016-12-13 23:21:32 DEBUG Engine:40 - run() Busy Thread Size: 0
